0 info it worked if it ends with ok
1 verbose cli [ '/home/sericaia/.nvm/v0.10.38/bin/node',
1 verbose cli   '/home/sericaia/.nvm/v0.10.38/bin/npm',
1 verbose cli   'i',
1 verbose cli   'bycript' ]
2 info using npm@1.4.28
3 info using node@v0.10.38
4 warn package.json Understanding-lifecycle@1.0.0 No description
5 warn package.json Understanding-lifecycle@1.0.0 No repository field.
6 warn package.json Understanding-lifecycle@1.0.0 No README data
7 verbose readDependencies using package.json deps
8 verbose cache add [ 'bycript', null ]
9 verbose cache add name=undefined spec="bycript" args=["bycript",null]
10 verbose parsed url { protocol: null,
10 verbose parsed url   slashes: null,
10 verbose parsed url   auth: null,
10 verbose parsed url   host: null,
10 verbose parsed url   port: null,
10 verbose parsed url   hostname: null,
10 verbose parsed url   hash: null,
10 verbose parsed url   search: null,
10 verbose parsed url   query: null,
10 verbose parsed url   pathname: 'bycript',
10 verbose parsed url   path: 'bycript',
10 verbose parsed url   href: 'bycript' }
11 silly lockFile edeed4a0-bycript bycript
12 verbose lock bycript /home/sericaia/.npm/edeed4a0-bycript.lock
13 silly lockFile edeed4a0-bycript bycript
14 silly lockFile edeed4a0-bycript bycript
15 verbose addNamed [ 'bycript', '' ]
16 verbose addNamed [ null, '*' ]
17 silly lockFile 1e7c881e-bycript bycript@
18 verbose lock bycript@ /home/sericaia/.npm/1e7c881e-bycript.lock
19 silly addNameRange { name: 'bycript', range: '*', hasData: false }
20 verbose request where is /bycript
21 verbose request registry https://registry.npmjs.org/
22 verbose request id 6ee6bc4998da1b98
23 verbose url raw /bycript
24 verbose url resolving [ 'https://registry.npmjs.org/', './bycript' ]
25 verbose url resolved https://registry.npmjs.org/bycript
26 verbose request where is https://registry.npmjs.org/bycript
27 info trying registry request attempt 1 at 17:03:48
28 http GET https://registry.npmjs.org/bycript
29 http 404 https://registry.npmjs.org/bycript
30 verbose headers { server: 'CouchDB/1.5.0 (Erlang OTP/R16B03)',
30 verbose headers   'content-type': 'application/json',
30 verbose headers   'cache-control': 'max-age=0',
30 verbose headers   'content-length': '51',
30 verbose headers   'accept-ranges': 'bytes',
30 verbose headers   date: 'Sun, 14 Jun 2015 16:03:50 GMT',
30 verbose headers   via: '1.1 varnish',
30 verbose headers   age: '0',
30 verbose headers   connection: 'keep-alive',
30 verbose headers   'x-served-by': 'cache-lhr6326-LHR',
30 verbose headers   'x-cache': 'MISS',
30 verbose headers   'x-cache-hits': '0',
30 verbose headers   'x-timer': 'S1434297829.675464,VS0,VE641' }
31 silly registry.get cb [ 404,
31 silly registry.get   { server: 'CouchDB/1.5.0 (Erlang OTP/R16B03)',
31 silly registry.get     'content-type': 'application/json',
31 silly registry.get     'cache-control': 'max-age=0',
31 silly registry.get     'content-length': '51',
31 silly registry.get     'accept-ranges': 'bytes',
31 silly registry.get     date: 'Sun, 14 Jun 2015 16:03:50 GMT',
31 silly registry.get     via: '1.1 varnish',
31 silly registry.get     age: '0',
31 silly registry.get     connection: 'keep-alive',
31 silly registry.get     'x-served-by': 'cache-lhr6326-LHR',
31 silly registry.get     'x-cache': 'MISS',
31 silly registry.get     'x-cache-hits': '0',
31 silly registry.get     'x-timer': 'S1434297829.675464,VS0,VE641' } ]
32 silly lockFile 1e7c881e-bycript bycript@
33 silly lockFile 1e7c881e-bycript bycript@
34 error 404 404 Not Found: bycript
34 error 404
34 error 404 'bycript' is not in the npm registry.
34 error 404 You should bug the author to publish it
34 error 404 It was specified as a dependency of 'Understanding-lifecycle'
34 error 404
34 error 404 Note that you can also install from a
34 error 404 tarball, folder, or http url, or git url.
35 error System Linux 3.13.0-54-generic
36 error command "/home/sericaia/.nvm/v0.10.38/bin/node" "/home/sericaia/.nvm/v0.10.38/bin/npm" "i" "bycript"
37 error cwd /home/sericaia/git/mediterraneajs-2015/05-authentication
38 error node -v v0.10.38
39 error npm -v 1.4.28
40 error code E404
41 verbose exit [ 1, true ]
